build/app/outputs/mapping/release/seeds.txt
com.ahmedhummadi.saudi_chat.MainActivity
com.ahmedhummadi.saudi_chat.MainActivity: MainActivity()
...
com.google.android.gms.internal.measurement.zzfk: int zze
com.google.android.gms.internal.measurement.zzfu: com.google.android.gms.internal.measurement.zzfi zzh
androidx.window.embedding.SplitController: void registerRule(androidx.window.embedding.EmbeddingRule)
com.google.android.gms.internal.measurement.zzfo: java.lang.String zzg
com.google.firestore.v1.TransactionOptions$ReadOnly: com.google.firestore.v1.TransactionOptions$ReadOnly DEFAULT_INSTANCE
androidx.window.embedding.EmbeddingAdapter: java.lang.Object component2(android.util.Pair)
com.google.android.gms.internal.firebase-auth-api.zzjc: com.google.android.gms.internal.firebase-auth-api.zzjc zzb
androidx.window.layout.ActivityCompatHelperApi30: android.graphics.Rect currentWindowBounds(android.app.Activity)
com.google.firebase.firestore.proto.Target: com.google.firebase.firestore.proto.Target DEFAULT_INSTANCE
androidx.media.AudioAttributesImplBaseParcelizer: AudioAttributesImplBaseParcelizer()
com.google.protobuf.Timestamp
com.google.android.gms.internal.measurement.zzcl: android.os.Parcelable$Creator CREATOR
com.google.firebase.auth.TwitterAuthCredential: android.os.Parcelable$Creator CREATOR
com.google.protobuf.GeneratedMessageLite$ExtendableMessage: com.google.protobuf.FieldSet extensions
androidx.window.embedding.SplitController$Companion
com.google.android.gms.safetynet.SafeBrowsingData: android.os.Parcelable$Creator CREATOR
com.google.protobuf.Timestamp: com.google.protobuf.Timestamp DEFAULT_INSTANCE
com.google.android.gms.internal.measurement.zzel: boolean zzh
androidx.window.layout.SidecarWindowBackend$WindowLayoutChangeCallbackWrapper: void setLastInfo(androidx.window.layout.WindowLayoutInfo)
com.google.firestore.v1.DocumentTransform$FieldTransform: int FIELD_PATH_FIELD_NUMBER
com.google.firebase.components.ComponentDiscoveryService
io.flutter.embedding.engine.FlutterJNI: void notifyLowMemoryWarning()
androidx.window.embedding.ExtensionEmbeddingBackend$SplitListenerWrapper: ExtensionEmbeddingBackend$SplitListenerWrapper(android.app.Activity,java.util.concurrent.Executor,androidx.core.util.Consumer)
com.google.android.gms.internal.measurement.zzfy: long zzm
com.google.firestore.v1.Cursor: com.google.firestore.v1.Cursor DEFAULT_INSTANCE
androidx.work.impl.background.systemalarm.RescheduleReceiver
io.grpc.InternalChannelz$ChannelTrace$Event$Severity: io.grpc.InternalChannelz$ChannelTrace$Event$Severity[] values()
com.google.android.gms.signin.internal.zab: android.os.Parcelable$Creator CREATOR
io.grpc.okhttp.internal.TlsVersion: io.grpc.okhttp.internal.TlsVersion[] values()
com.google.common.collect.Iterators$EmptyModifiableIterator: com.google.common.collect.Iterators$EmptyModifiableIterator[] values()
com.google.android.gms.internal.measurement.zzfy: java.lang.String zzF
androidx.window.core.Version: int getMinor()
com.google.firestore.v1.BatchGetDocumentsResponse
androidx.window.layout.FoldingFeature$State$Companion: FoldingFeature$State$Companion()
com.google.android.gms.dynamite.descriptors.com.google.android.gms.measurement.dynamite.ModuleDescriptor: ModuleDescriptor()
com.google.android.gms.internal.measurement.zzgt: com.google.android.gms.internal.measurement.zzgt zza
com.google.android.gms.measurement.AppMeasurementJobService
com.google.android.gms.internal.measurement.zzfy: com.google.android.gms.internal.measurement.zzfu zzad
androidx.core.app.RemoteActionCompatParcelizer: androidx.core.app.RemoteActionCompat read(androidx.versionedparcelable.VersionedParcel)
com.google.firestore.v1.TargetChange
kotlinx.coroutines.EventLoopImplBase: java.lang.Object _delayed
com.google.firebase.firestore.proto.UnknownDocument: com.google.protobuf.Parser PARSER
androidx.window.R$attr: int alwaysExpand
androidx.window.embedding.ActivityRule
io.flutter.plugin.platform.SingleViewPresentation: void onCreate(android.os.Bundle)
com.google.firebase.firestore.FirebaseFirestoreException$Code: com.google.firebase.firestore.FirebaseFirestoreException$Code[] values()