build/app/outputs/mapping/release/mapping.txt
# compiler: R8
# compiler_version: 2.1.62
# min_api: 21
# pg_map_id: 3ec84a9
# common_typos_disable
...
kotlin.ranges.IntRange$Companion -> m.z.c$a:
    kotlin.ranges.IntRange getEMPTY() -> a
kotlin.ranges.RangesKt -> m.z.d:
    int coerceAtLeast(int,int) -> a
    long coerceAtLeast(long,long) -> b
    int coerceAtMost(int,int) -> c
    long coerceAtMost(long,long) -> d
    int coerceIn(int,int,int) -> e
    kotlin.ranges.IntProgression downTo(int,int) -> f
    kotlin.ranges.IntRange until(int,int) -> g
kotlin.ranges.RangesKt__RangesKt -> m.z.e:
kotlin.ranges.RangesKt___RangesKt -> m.z.f:
    int coerceAtLeast(int,int) -> a
    long coerceAtLeast(long,long) -> b
    int coerceAtMost(int,int) -> c
    long coerceAtMost(long,long) -> d
    int coerceIn(int,int,int) -> e
    kotlin.ranges.IntProgression downTo(int,int) -> f
    kotlin.ranges.IntRange until(int,int) -> g
kotlin.reflect.KAnnotatedElement -> m.a0.a:
kotlin.reflect.KCallable -> m.a0.b:
kotlin.reflect.KClass -> m.a0.c:
    java.lang.String getSimpleName() -> a
kotlin.reflect.KDeclarationContainer -> m.a0.d:
kotlin.reflect.KFunction -> m.a0.e:
kotlin.reflect.KType -> m.a0.f:
kotlin.reflect.KVisibility -> m.a0.g:
    kotlin.reflect.KVisibility[] $VALUES -> o
kotlin.sequences.ConstrainedOnceSequence -> m.b0.a:
    java.util.concurrent.atomic.AtomicReference sequenceRef -> a
kotlin.sequences.Sequence -> m.b0.b:
kotlin.sequences.SequencesKt -> m.b0.c:
    kotlin.sequences.Sequence asSequence(java.util.Iterator) -> a
    java.lang.Iterable asIterable(kotlin.sequences.Sequence) -> c
    kotlin.sequences.Sequence map(kotlin.sequences.Sequence,kotlin.jvm.functions.Function1) -> d
    java.util.List toList(kotlin.sequences.Sequence) -> f
kotlin.sequences.SequencesKt__SequenceBuilderKt -> m.b0.d:
kotlin.sequences.SequencesKt__SequencesJVMKt -> m.b0.e:
kotlin.sequences.SequencesKt__SequencesKt -> m.b0.f:
    kotlin.sequences.Sequence asSequence(java.util.Iterator) -> a
    kotlin.sequences.Sequence constrainOnce(kotlin.sequences.Sequence) -> b
kotlin.sequences.SequencesKt__SequencesKt$asSequence$$inlined$Sequence$1 -> m.b0.f$a:
    java.util.Iterator $this_asSequence$inlined -> a
kotlin.sequences.SequencesKt___SequencesJvmKt -> m.b0.g:
kotlin.sequences.SequencesKt___SequencesKt -> m.b0.h:
    java.lang.Iterable asIterable(kotlin.sequences.Sequence) -> c
    kotlin.sequences.Sequence map(kotlin.sequences.Sequence,kotlin.jvm.functions.Function1) -> d
    java.util.Collection toCollection(kotlin.sequences.Sequence,java.util.Collection) -> e
    java.util.List toList(kotlin.sequences.Sequence) -> f
    java.util.List toMutableList(kotlin.sequences.Sequence) -> g
kotlin.sequences.SequencesKt___SequencesKt$asIterable$$inlined$Iterable$1 -> m.b0.h$a:
    kotlin.sequences.Sequence $this_asIterable$inlined -> o
kotlin.sequences.TransformingSequence -> m.b0.i:
    kotlin.sequences.Sequence sequence -> a
    kotlin.jvm.functions.Function1 transformer -> b
    kotlin.sequences.Sequence access$getSequence$p(kotlin.sequences.TransformingSequence) -> a
    kotlin.jvm.functions.Function1 access$getTransformer$p(kotlin.sequences.TransformingSequence) -> b
kotlin.sequences.TransformingSequence$iterator$1 -> m.b0.i$a:
    java.util.Iterator iterator -> o
    kotlin.sequences.TransformingSequence this$0 -> p
kotlin.text.CharsKt__CharJVMKt -> m.c0.a:
    int checkRadix(int) -> a
    int digitOf(char,int) -> b
    boolean isWhitespace(char) -> c
kotlin.text.CharsKt__CharKt -> m.c0.b:
    boolean equals(char,char,boolean) -> d
kotlin.text.Charsets -> m.c0.c:
    java.nio.charset.Charset UTF_8 -> a
kotlin.text.DelimitedRangesSequence -> m.c0.d:
    java.lang.CharSequence input -> a
    int startIndex -> b
    int limit -> c
    kotlin.jvm.functions.Function2 getNextMatch -> d
    kotlin.jvm.functions.Function2 access$getGetNextMatch$p(kotlin.text.DelimitedRangesSequence) -> a
    java.lang.CharSequence access$getInput$p(kotlin.text.DelimitedRangesSequence) -> b
    int access$getLimit$p(kotlin.text.DelimitedRangesSequence) -> c
    int access$getStartIndex$p(kotlin.text.DelimitedRangesSequence) -> d