build/app/outputs/mapping/release/usage.txt
com.ahmedhummadi.saudi_chat.R$mipmap
com.ahmedhummadi.saudi_chat.R$string
com.ahmedhummadi.saudi_chat.R$style
com.ahmedhummadi.saudi_chat.R$array
com.ahmedhummadi.saudi_chat.R
com.ahmedhummadi.saudi_chat.R$xml
com.ahmedhummadi.saudi_chat.R$dimen
com.ahmedhummadi.saudi_chat.BuildConfig
com.ahmedhummadi.saudi_chat.R$id
com.ahmedhummadi.saudi_chat.R$styleable
com.ahmedhummadi.saudi_chat.R$attr
com.ahmedhummadi.saudi_chat.R$font
com.ahmedhummadi.saudi_chat.R$color
com.ahmedhummadi.saudi_chat.R$plurals
com.ahmedhummadi.saudi_chat.R$drawable
com.ahmedhummadi.saudi_chat.R$bool
com.ahmedhummadi.saudi_chat.R$layout
com.ahmedhummadi.saudi_chat.R$integer
...
io.grpc.ClientInterceptors:
    private void <init>()
    public static varargs io.grpc.Channel interceptForward(io.grpc.Channel,io.grpc.ClientInterceptor[])
    public static io.grpc.Channel interceptForward(io.grpc.Channel,java.util.List)
    public static varargs io.grpc.Channel intercept(io.grpc.Channel,io.grpc.ClientInterceptor[])
    static io.grpc.ClientInterceptor wrapClientInterceptor(io.grpc.ClientInterceptor,io.grpc.MethodDescriptor$Marshaller,io.grpc.MethodDescriptor$Marshaller)
    static synthetic io.grpc.ClientCall access$100()
com.google.common.collect.Synchronized$SynchronizedMultiset
com.google.gson.internal.bind.TimeTypeAdapter$1
androidx.media2.common.MediaItem$1
com.bumptech.glide.load.resource.bitmap.VideoDecoder$ByteBufferInitializer$1
com.google.common.collect.Maps$AsMapView
androidx.core.view.accessibility.AccessibilityEventCompat$ContentChangeType
com.google.common.collect.MultimapBuilder$SortedSetMultimapBuilder
java9.util.stream.ReferencePipeline$StatelessOp
java9.util.concurrent.CompletableFuture$UniExceptionally
com.google.longrunning.OperationInfo$1
com.bumptech.glide.load.model.ByteBufferEncoder
com.google.common.reflect.Types$TypeVariableInvocationHandler
androidx.media2.session.MediaSessionStub$25
kotlin.jvm.JvmField
androidx.media.MediaBrowserServiceCompat$ServiceHandler
kotlin.jvm.functions.Function12:
    public abstract java.lang.Object invoke(java.lang.Object,java.lang.Object,java.lang.Object,java.lang.Object,java.lang.Object,java.lang.Object,java.lang.Object,java.lang.Object,java.lang.Object,java.lang.Object,java.lang.Object,java.lang.Object)
io.grpc.ManagedChannelProvider:
    protected abstract io.grpc.ManagedChannelBuilder builderForAddress(java.lang.String,int)
    protected io.grpc.ManagedChannelProvider$NewChannelBuilderResult newChannelBuilder(java.lang.String,io.grpc.ChannelCredentials)
com.google.android.exoplayer2.text.webvtt.WebvttParserUtil:
    private void <init>()
    private static final java.lang.String WEBVTT_HEADER
com.google.android.gms.common.api.internal.RegistrationMethods$Builder
com.google.common.collect.ForwardingListIterator
com.google.protobuf.DescriptorProtos$MessageOptionsOrBuilder
androidx.browser.customtabs.CustomTabsService
com.google.android.gms.internal.location.zzax:
    void <init>(com.google.android.gms.common.api.internal.ListenerHolder)
    public final synchronized void release()
com.google.android.gms.internal.common.zze
java9.util.stream.SpinedBuffer$OfInt
kotlinx.coroutines.CompletableDeferredImpl
com.google.firestore.v1.ListCollectionIdsResponseOrBuilder
com.google.android.exoplayer2.text.webvtt.WebvttCssStyle$FontSizeUnit
kotlin.contracts.ContractBuilderKt
com.google.android.exoplayer2.upstream.DefaultHttpDataSourceFactory
com.google.android.exoplayer2.mediacodec.package-info
kotlin.coroutines.jvm.internal.Boxing:
    public static final java.lang.Byte boxByte(byte)
    public static final java.lang.Short boxShort(short)
    public static final java.lang.Integer boxInt(int)
    public static final java.lang.Long boxLong(long)
    public static final java.lang.Float boxFloat(float)
    public static final java.lang.Double boxDouble(double)
    public static final java.lang.Character boxChar(char)
com.google.android.exoplayer2.ext.mediasession.R$id